<?xml version="1.0" encoding="UTF-8"?>
<coverage generated="1675719617556" clover="3.2.0">
  <project timestamp="1675719617556" name="All files">
    <metrics statements="8" coveredstatements="8" conditionals="1" coveredconditionals="0" methods="2" coveredmethods="2" elements="11" coveredelements="10" complexity="0" loc="8" ncloc="8" packages="1" files="2" classes="2"/>
    <file name="index.ts" path="/Users/mac/Documents/proyectos/argentina-escuelas-secundarias/src/index.ts">
      <metrics statements="2" coveredstatements="2" conditionals="0" coveredconditionals="0" methods="0" coveredmethods="0"/>
      <line num="1" count="1" type="stmt"/>
      <line num="4" count="1" type="stmt"/>
    </file>
    <file name="province.ts" path="/Users/mac/Documents/proyectos/argentina-escuelas-secundarias/src/province.ts">
      <metrics statements="6" coveredstatements="6" conditionals="1" coveredconditionals="0" methods="2" coveredmethods="2"/>
      <line num="1" count="1" type="stmt"/>
      <line num="5" count="2" type="cond" truecount="0" falsecount="1"/>
      <line num="7" count="2" type="stmt"/>
      <line num="8" count="27376" type="stmt"/>
      <line num="12" count="2" type="stmt"/>
      <line num="16" count="1" type="stmt"/>
    </file>
  </project>
</coverage>
