<?xml version="1.0" encoding="UTF-8"?>
<coverage generated="1675734346161" clover="3.2.0">
  <project timestamp="1675734346161" name="All files">
    <metrics statements="22" coveredstatements="7" conditionals="5" coveredconditionals="0" methods="5" coveredmethods="1" elements="32" coveredelements="8" complexity="0" loc="22" ncloc="22" packages="1" files="2" classes="2"/>
    <file name="index.ts" path="/Users/mac/Documents/proyectos/argentina-escuelas-secundarias/src/index.ts">
      <metrics statements="2" coveredstatements="2" conditionals="0" coveredconditionals="0" methods="0" coveredmethods="0"/>
      <line num="1" count="1" type="stmt"/>
      <line num="4" count="1" type="stmt"/>
    </file>
    <file name="province.ts" path="/Users/mac/Documents/proyectos/argentina-escuelas-secundarias/src/province.ts">
      <metrics statements="20" coveredstatements="5" conditionals="5" coveredconditionals="0" methods="5" coveredmethods="1"/>
      <line num="1" count="1" type="stmt"/>
      <line num="2" count="1" type="stmt"/>
      <line num="4" count="1" type="stmt"/>
      <line num="7" count="1" type="stmt"/>
      <line num="12" count="0" type="cond" truecount="0" falsecount="1"/>
      <line num="14" count="0" type="stmt"/>
      <line num="16" count="0" type="stmt"/>
      <line num="18" count="0" type="stmt"/>
      <line num="19" count="0" type="stmt"/>
      <line num="23" count="0" type="stmt"/>
      <line num="27" count="0" type="cond" truecount="0" falsecount="1"/>
      <line num="28" count="0" type="cond" truecount="0" falsecount="1"/>
      <line num="30" count="0" type="stmt"/>
      <line num="31" count="0" type="stmt"/>
      <line num="33" count="0" type="stmt"/>
      <line num="34" count="0" type="stmt"/>
      <line num="36" count="0" type="stmt"/>
      <line num="37" count="0" type="cond" truecount="0" falsecount="2"/>
      <line num="41" count="0" type="stmt"/>
      <line num="46" count="1" type="stmt"/>
    </file>
  </project>
</coverage>
