{"/Users/mac/Documents/proyectos/argentina-escuelas-secundarias/src/index.ts": {"path":"/Users/mac/Documents/proyectos/argentina-escuelas-secundarias/src/index.ts","statementMap":{"0":{"start":{"line":1,"column":0},"end":{"line":1,"column":7}},"1":{"start":{"line":4,"column":9},"end":{"line":1,"column":34}}},"fnMap":{},"branchMap":{},"s":{"0":1,"1":1},"f":{},"b":{}}
,"/Users/mac/Documents/proyectos/argentina-escuelas-secundarias/src/province.ts": {"path":"/Users/mac/Documents/proyectos/argentina-escuelas-secundarias/src/province.ts","statementMap":{"0":{"start":{"line":1,"column":0},"end":{"line":1,"column":51}},"1":{"start":{"line":2,"column":0},"end":{"line":2,"column":52}},"2":{"start":{"line":4,"column":0},"end":{"line":4,"column":23}},"3":{"start":{"line":7,"column":1},"end":{"line":7,"column":22}},"4":{"start":{"line":12,"column":1},"end":{"line":12,"column":31}},"5":{"start":{"line":12,"column":21},"end":{"line":12,"column":31}},"6":{"start":{"line":14,"column":25},"end":{"line":14,"column":64}},"7":{"start":{"line":16,"column":1},"end":{"line":16,"column":null}},"8":{"start":{"line":18,"column":17},"end":{"line":20,"column":3}},"9":{"start":{"line":19,"column":2},"end":{"line":19,"column":null}},"10":{"start":{"line":23,"column":1},"end":{"line":23,"column":16}},"11":{"start":{"line":27,"column":1},"end":{"line":27,"column":31}},"12":{"start":{"line":27,"column":21},"end":{"line":27,"column":31}},"13":{"start":{"line":28,"column":1},"end":{"line":28,"column":26}},"14":{"start":{"line":28,"column":16},"end":{"line":28,"column":26}},"15":{"start":{"line":30,"column":25},"end":{"line":30,"column":64}},"16":{"start":{"line":31,"column":20},"end":{"line":31,"column":54}},"17":{"start":{"line":33,"column":1},"end":{"line":33,"column":null}},"18":{"start":{"line":34,"column":1},"end":{"line":34,"column":null}},"19":{"start":{"line":36,"column":17},"end":{"line":38,"column":3}},"20":{"start":{"line":37,"column":2},"end":{"line":37,"column":null}},"21":{"start":{"line":41,"column":1},"end":{"line":41,"column":16}},"22":{"start":{"line":46,"column":0},"end":{"line":50,"column":2}}},"fnMap":{"0":{"name":"getProvinces","decl":{"start":{"line":6,"column":9},"end":{"line":6,"column":21}},"loc":{"start":{"line":6,"column":21},"end":{"line":8,"column":1}}},"1":{"name":"getSchoolsOfProvince","decl":{"start":{"line":11,"column":9},"end":{"line":11,"column":29}},"loc":{"start":{"line":11,"column":51},"end":{"line":24,"column":1}}},"2":{"name":"(anonymous_3)","decl":{"start":{"line":18,"column":41},"end":{"line":18,"column":42}},"loc":{"start":{"line":18,"column":73},"end":{"line":20,"column":2}}},"3":{"name":"getSchoolsOfProvinceAndLocality","decl":{"start":{"line":26,"column":9},"end":{"line":26,"column":40}},"loc":{"start":{"line":26,"column":80},"end":{"line":42,"column":1}}},"4":{"name":"(anonymous_5)","decl":{"start":{"line":36,"column":41},"end":{"line":36,"column":42}},"loc":{"start":{"line":36,"column":90},"end":{"line":38,"column":2}}}},"branchMap":{"0":{"loc":{"start":{"line":12,"column":1},"end":{"line":12,"column":31}},"type":"if","locations":[{"start":{"line":12,"column":1},"end":{"line":12,"column":31}}]},"1":{"loc":{"start":{"line":27,"column":1},"end":{"line":27,"column":31}},"type":"if","locations":[{"start":{"line":27,"column":1},"end":{"line":27,"column":31}}]},"2":{"loc":{"start":{"line":28,"column":1},"end":{"line":28,"column":26}},"type":"if","locations":[{"start":{"line":28,"column":1},"end":{"line":28,"column":26}}]},"3":{"loc":{"start":{"line":37,"column":9},"end":{"line":37,"column":84}},"type":"binary-expr","locations":[{"start":{"line":37,"column":9},"end":{"line":37,"column":49}},{"start":{"line":37,"column":53},"end":{"line":37,"column":84}}]}},"s":{"0":1,"1":1,"2":1,"3":1,"4":0,"5":0,"6":0,"7":0,"8":0,"9":0,"10":0,"11":0,"12":0,"13":0,"14":0,"15":0,"16":0,"17":0,"18":0,"19":0,"20":0,"21":0,"22":1},"f":{"0":1,"1":0,"2":0,"3":0,"4":0},"b":{"0":[0],"1":[0],"2":[0],"3":[0,0]}}
}
