{"/Users/mac/Documents/proyectos/argentina-escuelas-secundarias/src/index.ts": {"path":"/Users/mac/Documents/proyectos/argentina-escuelas-secundarias/src/index.ts","statementMap":{"0":{"start":{"line":1,"column":0},"end":{"line":1,"column":7}},"1":{"start":{"line":4,"column":9},"end":{"line":1,"column":34}}},"fnMap":{},"branchMap":{},"s":{"0":1,"1":1},"f":{},"b":{}}
,"/Users/mac/Documents/proyectos/argentina-escuelas-secundarias/src/province.ts": {"path":"/Users/mac/Documents/proyectos/argentina-escuelas-secundarias/src/province.ts","statementMap":{"0":{"start":{"line":1,"column":0},"end":{"line":1,"column":51}},"1":{"start":{"line":5,"column":1},"end":{"line":5,"column":31}},"2":{"start":{"line":5,"column":21},"end":{"line":5,"column":31}},"3":{"start":{"line":7,"column":17},"end":{"line":9,"column":3}},"4":{"start":{"line":8,"column":2},"end":{"line":8,"column":null}},"5":{"start":{"line":12,"column":1},"end":{"line":12,"column":16}},"6":{"start":{"line":16,"column":0},"end":{"line":18,"column":2}}},"fnMap":{"0":{"name":"getSchoolsOfProvince","decl":{"start":{"line":4,"column":9},"end":{"line":4,"column":29}},"loc":{"start":{"line":4,"column":51},"end":{"line":13,"column":1}}},"1":{"name":"(anonymous_2)","decl":{"start":{"line":7,"column":41},"end":{"line":7,"column":42}},"loc":{"start":{"line":7,"column":73},"end":{"line":9,"column":2}}}},"branchMap":{"0":{"loc":{"start":{"line":5,"column":1},"end":{"line":5,"column":31}},"type":"if","locations":[{"start":{"line":5,"column":1},"end":{"line":5,"column":31}}]}},"s":{"0":1,"1":2,"2":0,"3":2,"4":27376,"5":2,"6":1},"f":{"0":2,"1":27376},"b":{"0":[0]}}
}
