TN:
SF:src/index.ts
FNF:0
FNH:0
DA:1,1
DA:4,1
LF:2
LH:2
BRF:0
BRH:0
end_of_record
TN:
SF:src/province.ts
FN:6,getProvinces
FN:11,getSchoolsOfProvince
FN:18,(anonymous_3)
FN:26,getSchoolsOfProvinceAndLocality
FN:36,(anonymous_5)
FNF:5
FNH:1
FNDA:1,getProvinces
FNDA:0,getSchoolsOfProvince
FNDA:0,(anonymous_3)
FNDA:0,getSchoolsOfProvinceAndLocality
FNDA:0,(anonymous_5)
DA:1,1
DA:2,1
DA:4,1
DA:7,1
DA:12,0
DA:14,0
DA:16,0
DA:18,0
DA:19,0
DA:23,0
DA:27,0
DA:28,0
DA:30,0
DA:31,0
DA:33,0
DA:34,0
DA:36,0
DA:37,0
DA:41,0
DA:46,1
LF:20
LH:5
BRDA:12,0,0,0
BRDA:27,1,0,0
BRDA:28,2,0,0
BRDA:37,3,0,0
BRDA:37,3,1,0
BRF:5
BRH:0
end_of_record
